<?xml version="1.0" encoding="UTF-8"?>
<testsuite name="NaturalLanguageToDateTestSpec" tests="18" skipped="0" failures="0" errors="0" timestamp="2020-09-05T01:13:14" hostname="330S" time="0.09">
  <properties/>
  <testcase name="contains 'yesterday'" classname="NaturalLanguageToDateTestSpec" time="0.034"/>
  <testcase name="contains 'x days ago'" classname="NaturalLanguageToDateTestSpec" time="0.011"/>
  <testcase name="contains 'last week'" classname="NaturalLanguageToDateTestSpec" time="0.001"/>
  <testcase name="contains 'x weeks ago'" classname="NaturalLanguageToDateTestSpec" time="0.002"/>
  <testcase name="contains 'last month'" classname="NaturalLanguageToDateTestSpec" time="0.002"/>
  <testcase name="contains 'x months ago'" classname="NaturalLanguageToDateTestSpec" time="0.001"/>
  <testcase name="contains 'last year'" classname="NaturalLanguageToDateTestSpec" time="0.002"/>
  <testcase name="contains 'x years ago'" classname="NaturalLanguageToDateTestSpec" time="0.002"/>
  <testcase name="contains 'today'" classname="NaturalLanguageToDateTestSpec" time="0.002"/>
  <testcase name="contains 'next x days'" classname="NaturalLanguageToDateTestSpec" time="0.003"/>
  <testcase name="contains 'tomorrow'" classname="NaturalLanguageToDateTestSpec" time="0.006"/>
  <testcase name="contains 'next x months'" classname="NaturalLanguageToDateTestSpec" time="0.001"/>
  <testcase name="contains 'next month'" classname="NaturalLanguageToDateTestSpec" time="0.01"/>
  <testcase name="contains 'next x weeks'" classname="NaturalLanguageToDateTestSpec" time="0.001"/>
  <testcase name="contains 'next week'" classname="NaturalLanguageToDateTestSpec" time="0.002"/>
  <testcase name="contains 'next x years'" classname="NaturalLanguageToDateTestSpec" time="0.002"/>
  <testcase name="contains 'next year'" classname="NaturalLanguageToDateTestSpec" time="0.002"/>
  <testcase name="word days ago" classname="NaturalLanguageToDateTestSpec" time="0.003"/>
  <system-out><![CDATA[]]></system-out>
  <system-err><![CDATA[]]></system-err>
</testsuite>
